# JRE version: Java(TM) SE Runtime Environment (8.0_111-b14) (build 1.8.0_111-b14)
# Java VM: Java HotSpot(TM) 64-Bit Server VM (25.111-b14 mixed mode bsd-amd64 compressed oops)
Heap:
 PSYoungGen      total 141824K, used 40039K [0x000000076ab00000, 0x0000000777400000, 0x00000007c0000000)
  eden space 131072K, 22% used [0x000000076ab00000,0x000000076c7a1918,0x0000000772b00000)
  from space 10752K, 99% used [0x0000000772b00000,0x0000000773578500,0x0000000773580000)
  to   space 10752K, 0% used [0x0000000776980000,0x0000000776980000,0x0000000777400000)
 ParOldGen       total 112128K, used 10379K [0x00000006c0000000, 0x00000006c6d80000, 0x000000076ab00000)
  object space 112128K, 9% used [0x00000006c0000000,0x00000006c0a22c60,0x00000006c6d80000)
 Metaspace       used 30763K, capacity 31068K, committed 31616K, reserved 1077248K
  class space    used 4031K, capacity 4127K, committed 4224K, reserved 1048576K
GC Heap History (8 events):
Event: 1.328 GC heap before
{Heap before GC invocations=1 (full 0):
 PSYoungGen      total 76288K, used 65536K [0x000000076ab00000, 0x0000000770000000, 0x00000007c0000000)
  eden space 65536K, 100% used [0x000000076ab00000,0x000000076eb00000,0x000000076eb00000)
  from space 10752K, 0% used [0x000000076f580000,0x000000076f580000,0x0000000770000000)
  to   space 10752K, 0% used [0x000000076eb00000,0x000000076eb00000,0x000000076f580000)
 ParOldGen       total 175104K, used 0K [0x00000006c0000000, 0x00000006cab00000, 0x000000076ab00000)
  object space 175104K, 0% used [0x00000006c0000000,0x00000006c0000000,0x00000006cab00000)
 Metaspace       used 18494K, capacity 18798K, committed 19072K, reserved 1067008K
  class space    used 2287K, capacity 2392K, committed 2432K, reserved 1048576K
Event: 1.343 GC heap after
Heap after GC invocations=1 (full 0):
 PSYoungGen      total 76288K, used 10727K [0x000000076ab00000, 0x0000000774000000, 0x00000007c0000000)
  eden space 65536K, 0% used [0x000000076ab00000,0x000000076ab00000,0x000000076eb00000)
  from space 10752K, 99% used [0x000000076eb00000,0x000000076f579f48,0x000000076f580000)
  to   space 10752K, 0% used [0x0000000773580000,0x0000000773580000,0x0000000774000000)
 ParOldGen       total 175104K, used 4065K [0x00000006c0000000, 0x00000006cab00000, 0x000000076ab00000)
  object space 175104K, 2% used [0x00000006c0000000,0x00000006c03f84a8,0x00000006cab00000)
 Metaspace       used 18494K, capacity 18798K, committed 19072K, reserved 1067008K
  class space    used 2287K, capacity 2392K, committed 2432K, reserved 1048576K
}
Event: 1.660 GC heap before
{Heap before GC invocations=2 (full 0):
 PSYoungGen      total 76288K, used 22324K [0x000000076ab00000, 0x0000000774000000, 0x00000007c0000000)
  eden space 65536K, 17% used [0x000000076ab00000,0x000000076b6532e8,0x000000076eb00000)
  from space 10752K, 99% used [0x000000076eb00000,0x000000076f579f48,0x000000076f580000)
  to   space 10752K, 0% used [0x0000000773580000,0x0000000773580000,0x0000000774000000)
 ParOldGen       total 175104K, used 4065K [0x00000006c0000000, 0x00000006cab00000, 0x000000076ab00000)
  object space 175104K, 2% used [0x00000006c0000000,0x00000006c03f84a8,0x00000006cab00000)
 Metaspace       used 20873K, capacity 21136K, committed 21248K, reserved 1067008K
  class space    used 2674K, capacity 2793K, committed 2816K, reserved 1048576K
Event: 1.668 GC heap after
Heap after GC invocations=2 (full 0):
 PSYoungGen      total 141824K, used 8176K [0x000000076ab00000, 0x0000000774000000, 0x00000007c0000000)
  eden space 131072K, 0% used [0x000000076ab00000,0x000000076ab00000,0x0000000772b00000)
  from space 10752K, 76% used [0x0000000773580000,0x0000000773d7c1e8,0x0000000774000000)
  to   space 10752K, 0% used [0x0000000772b00000,0x0000000772b00000,0x0000000773580000)
 ParOldGen       total 175104K, used 4073K [0x00000006c0000000, 0x00000006cab00000, 0x000000076ab00000)
  object space 175104K, 2% used [0x00000006c0000000,0x00000006c03fa4a8,0x00000006cab00000)
 Metaspace       used 20873K, capacity 21136K, committed 21248K, reserved 1067008K
  class space    used 2674K, capacity 2793K, committed 2816K, reserved 1048576K
}
Event: 1.668 GC heap before
{Heap before GC invocations=3 (full 1):
 PSYoungGen      total 141824K, used 8176K [0x000000076ab00000, 0x0000000774000000, 0x00000007c0000000)
  eden space 131072K, 0% used [0x000000076ab00000,0x000000076ab00000,0x0000000772b00000)
  from space 10752K, 76% used [0x0000000773580000,0x0000000773d7c1e8,0x0000000774000000)
  to   space 10752K, 0% used [0x0000000772b00000,0x0000000772b00000,0x0000000773580000)
 ParOldGen       total 175104K, used 4073K [0x00000006c0000000, 0x00000006cab00000, 0x000000076ab00000)
  object space 175104K, 2% used [0x00000006c0000000,0x00000006c03fa4a8,0x00000006cab00000)
 Metaspace       used 20873K, capacity 21136K, committed 21248K, reserved 1067008K
  class space    used 2674K, capacity 2793K, committed 2816K, reserved 1048576K
Event: 1.697 GC heap after
Heap after GC invocations=3 (full 1):
 PSYoungGen      total 141824K, used 0K [0x000000076ab00000, 0x0000000774000000, 0x00000007c0000000)
  eden space 131072K, 0% used [0x000000076ab00000,0x000000076ab00000,0x0000000772b00000)
  from space 10752K, 0% used [0x0000000773580000,0x0000000773580000,0x0000000774000000)
  to   space 10752K, 0% used [0x0000000772b00000,0x0000000772b00000,0x0000000773580000)
 ParOldGen       total 112128K, used 8374K [0x00000006c0000000, 0x00000006c6d80000, 0x000000076ab00000)
  object space 112128K, 7% used [0x00000006c0000000,0x00000006c082da48,0x00000006c6d80000)
 Metaspace       used 20873K, capacity 21136K, committed 21248K, reserved 1067008K
  class space    used 2674K, capacity 2793K, committed 2816K, reserved 1048576K
}
Event: 1682.702 GC heap before
{Heap before GC invocations=4 (full 1):
 PSYoungGen      total 141824K, used 131072K [0x000000076ab00000, 0x0000000774000000, 0x00000007c0000000)
  eden space 131072K, 100% used [0x000000076ab00000,0x0000000772b00000,0x0000000772b00000)
  from space 10752K, 0% used [0x0000000773580000,0x0000000773580000,0x0000000774000000)
  to   space 10752K, 0% used [0x0000000772b00000,0x0000000772b00000,0x0000000773580000)
 ParOldGen       total 112128K, used 8374K [0x00000006c0000000, 0x00000006c6d80000, 0x000000076ab00000)
  object space 112128K, 7% used [0x00000006c0000000,0x00000006c082da48,0x00000006c6d80000)
 Metaspace       used 30742K, capacity 31068K, committed 31616K, reserved 1077248K
  class space    used 4030K, capacity 4127K, committed 4224K, reserved 1048576K
Event: 1682.713 GC heap after
Heap after GC invocations=4 (full 1):
 PSYoungGen      total 141824K, used 10721K [0x000000076ab00000, 0x0000000777400000, 0x00000007c0000000)
  eden space 131072K, 0% used [0x000000076ab00000,0x000000076ab00000,0x0000000772b00000)
  from space 10752K, 99% used [0x0000000772b00000,0x0000000773578500,0x0000000773580000)
  to   space 10752K, 0% used [0x0000000776980000,0x0000000776980000,0x0000000777400000)
 ParOldGen       total 112128K, used 10379K [0x00000006c0000000, 0x00000006c6d80000, 0x000000076ab00000)
  object space 112128K, 9% used [0x00000006c0000000,0x00000006c0a22c60,0x00000006c6d80000)
 Metaspace       used 30742K, capacity 31068K, committed 31616K, reserved 1077248K
  class space    used 4030K, capacity 4127K, committed 4224K, reserved 1048576K
}

